0 verbose cli /usr/local/bin/node /usr/local/bin/npm
1 info using npm@10.1.0
2 info using node@v20.9.0
3 timing npm:load:whichnode Completed in 3ms
4 timing config:load:defaults Completed in 2ms
5 timing config:load:file:/usr/local/lib/node_modules/npm/npmrc Completed in 0ms
6 timing config:load:builtin Completed in 1ms
7 timing config:load:cli Completed in 9ms
8 timing config:load:env Completed in 1ms
9 timing config:load:file:/Users/user/Desktop/webMarket/.npmrc Completed in 0ms
10 timing config:load:project Completed in 2ms
11 timing config:load:file:/Users/user/.npmrc Completed in 0ms
12 timing config:load:user Completed in 1ms
13 timing config:load:file:/usr/local/etc/npmrc Completed in 0ms
14 timing config:load:global Completed in 0ms
15 timing config:load:setEnvs Completed in 1ms
16 timing config:load Completed in 19ms
17 timing npm:load:configload Completed in 19ms
18 timing config:load:flatten Completed in 4ms
19 timing npm:load:mkdirpcache Completed in 1ms
20 timing npm:load:mkdirplogs Completed in 1ms
21 verbose title npm install
22 verbose argv "--cache" "./npm-cache" "install"
23 timing npm:load:setTitle Completed in 35ms
24 timing npm:load:display Completed in 1ms
25 verbose logfile logs-max:10 dir:/Users/user/Desktop/webMarket/npm-cache/_logs/2026-02-26T06_06_56_079Z-
26 verbose logfile /Users/user/Desktop/webMarket/npm-cache/_logs/2026-02-26T06_06_56_079Z-debug-0.log
27 timing npm:load:logFile Completed in 15ms
28 timing npm:load:timers Completed in 0ms
29 timing npm:load:configScope Completed in 0ms
30 timing npm:load Completed in 110ms
31 timing arborist:ctor Completed in 1ms
32 silly logfile done cleaning log files
33 timing arborist:ctor Completed in 1ms
34 timing idealTree:init Completed in 23ms
35 timing idealTree:userRequests Completed in 0ms
36 silly idealTree buildDeps
37 silly fetch manifest @supabase/ssr@^0.4.0
38 silly fetch manifest @supabase/supabase-js@^2.43.4
39 silly fetch manifest @tiptap/extension-link@^2.4.0
40 silly fetch manifest @tiptap/extension-placeholder@^2.4.0
41 silly fetch manifest @tiptap/extension-underline@^2.4.0
