0 verbose cli /usr/local/bin/node /usr/local/bin/npm
1 info using npm@10.1.0
2 info using node@v20.9.0
3 timing npm:load:whichnode Completed in 1ms
4 timing config:load:defaults Completed in 2ms
5 timing config:load:file:/usr/local/lib/node_modules/npm/npmrc Completed in 0ms
6 timing config:load:builtin Completed in 1ms
7 timing config:load:cli Completed in 3ms
8 timing config:load:env Completed in 0ms
9 timing config:load:file:/Users/user/Desktop/webMarket/.npmrc Completed in 1ms
10 timing config:load:project Completed in 2ms
11 timing config:load:file:/Users/user/.npmrc Completed in 0ms
12 timing config:load:user Completed in 0ms
13 timing config:load:file:/usr/local/etc/npmrc Completed in 1ms
14 timing config:load:global Completed in 1ms
15 timing config:load:setEnvs Completed in 1ms
16 timing config:load Completed in 11ms
17 timing npm:load:configload Completed in 11ms
18 timing config:load:flatten Completed in 3ms
19 timing npm:load:mkdirpcache Completed in 2ms
20 timing npm:load:mkdirplogs Completed in 1ms
21 verbose title npm install
22 verbose argv "install" "--cache" ".npm-cache"
23 timing npm:load:setTitle Completed in 40ms
24 timing npm:load:display Completed in 2ms
25 verbose logfile logs-max:10 dir:/Users/user/Desktop/webMarket/.npm-cache/_logs/2026-02-26T06_05_59_218Z-
26 verbose logfile /Users/user/Desktop/webMarket/.npm-cache/_logs/2026-02-26T06_05_59_218Z-debug-0.log
27 timing npm:load:logFile Completed in 14ms
28 timing npm:load:timers Completed in 0ms
29 timing npm:load:configScope Completed in 1ms
30 timing npm:load Completed in 94ms
31 timing arborist:ctor Completed in 1ms
32 silly logfile done cleaning log files
33 verbose shrinkwrap failed to load /Users/user/Desktop/webMarket [Error: EPERM: operation not permitted, open '/Users/user/Desktop/webMarket/node_modules/.package-lock.json'] {
33 verbose shrinkwrap   errno: -1,
33 verbose shrinkwrap   code: 'EPERM',
33 verbose shrinkwrap   syscall: 'open',
33 verbose shrinkwrap   path: '/Users/user/Desktop/webMarket/node_modules/.package-lock.json'
33 verbose shrinkwrap }
34 timing idealTree:init Completed in 476ms
35 timing idealTree:userRequests Completed in 0ms
36 silly idealTree buildDeps
37 timing idealTree:#root Completed in 1ms
38 timing idealTree:buildDeps Completed in 4ms
39 timing idealTree:fixDepFlags Completed in 0ms
40 timing idealTree Completed in 493ms
41 timing reify:loadTrees Completed in 505ms
42 timing reify:diffTrees Completed in 11ms
43 silly reify moves {}
44 timing reify:retireShallow Completed in 1ms
45 timing reify:rollback:createSparse Completed in 0ms
46 timing reify:rollback:retireShallow Completed in 0ms
47 timing command:install Completed in 675ms
48 verbose stack Error: EPERM: operation not permitted, mkdir '/Users/user/Desktop/webMarket/node_modules/@alloc/quick-lru'
49 verbose cwd /Users/user/Desktop/webMarket
50 verbose Darwin 24.6.0
51 verbose node v20.9.0
52 verbose npm  v10.1.0
53 error code EPERM
54 error syscall mkdir
55 error path /Users/user/Desktop/webMarket/node_modules/@alloc/quick-lru
56 error errno -1
57 error [Error: EPERM: operation not permitted, mkdir '/Users/user/Desktop/webMarket/node_modules/@alloc/quick-lru'] {
57 error   errno: -1,
57 error   code: 'EPERM',
57 error   syscall: 'mkdir',
57 error   path: '/Users/user/Desktop/webMarket/node_modules/@alloc/quick-lru'
57 error }
58 error
58 error The operation was rejected by your operating system.
58 error It is likely you do not have the permissions to access this file as the current user
58 error
58 error If you believe this might be a permissions issue, please double-check the
58 error permissions of the file and its containing directories, or try running
58 error the command again as root/Administrator.
59 verbose exit -1
60 timing npm Completed in 1087ms
61 verbose unfinished npm timer reify 1772085959630
62 verbose unfinished npm timer reify:createSparse 1772085960267
63 verbose code -1
64 error A complete log of this run can be found in: /Users/user/Desktop/webMarket/.npm-cache/_logs/2026-02-26T06_05_59_218Z-debug-0.log
